<?xml version="1.0" encoding="UTF-8"?>
<testsuite xmlns:xsi="http://www.w3.org/2001/XMLSchema-instance" xsi:noNamespaceSchemaLocation="https://maven.apache.org/surefire/maven-surefire-plugin/xsd/surefire-test-report-3.0.xsd" version="3.0" name="com.test.RunTest" time="25.736" tests="15" errors="0" skipped="0" failures="0">
  <properties>
    <property name="sun.desktop" value="windows"/>
    <property name="awt.toolkit" value="sun.awt.windows.WToolkit"/>
    <property name="file.encoding.pkg" value="sun.io"/>
    <property name="java.specification.version" value="1.8"/>
    <property name="sun.cpu.isalist" value="amd64"/>
    <property name="sun.jnu.encoding" value="Cp1252"/>
    <property name="java.class.path" value="C:\Users\PICHAU\Documents\Projetos\appium-com-cucumber-avançado\target\test-classes;C:\Users\PICHAU\Documents\Projetos\appium-com-cucumber-avançado\target\classes;C:\Users\PICHAU\.m2\repository\junit\junit\4.12\junit-4.12.jar;C:\Users\PICHAU\.m2\repository\org\hamcrest\hamcrest-core\1.3\hamcrest-core-1.3.jar;C:\Users\PICHAU\.m2\repository\io\appium\java-client\4.1.2\java-client-4.1.2.jar;C:\Users\PICHAU\.m2\repository\org\seleniumhq\selenium\selenium-java\2.53.1\selenium-java-2.53.1.jar;C:\Users\PICHAU\.m2\repository\org\seleniumhq\selenium\selenium-chrome-driver\2.53.1\selenium-chrome-driver-2.53.1.jar;C:\Users\PICHAU\.m2\repository\org\seleniumhq\selenium\selenium-remote-driver\2.53.1\selenium-remote-driver-2.53.1.jar;C:\Users\PICHAU\.m2\repository\org\seleniumhq\selenium\selenium-api\2.53.1\selenium-api-2.53.1.jar;C:\Users\PICHAU\.m2\repository\org\seleniumhq\selenium\selenium-edge-driver\2.53.1\selenium-edge-driver-2.53.1.jar;C:\Users\PICHAU\.m2\repository\commons-io\commons-io\2.4\commons-io-2.4.jar;C:\Users\PICHAU\.m2\repository\org\apache\commons\commons-exec\1.3\commons-exec-1.3.jar;C:\Users\PICHAU\.m2\repository\org\seleniumhq\selenium\htmlunit-driver\2.21\htmlunit-driver-2.21.jar;C:\Users\PICHAU\.m2\repository\net\sourceforge\htmlunit\htmlunit\2.21\htmlunit-2.21.jar;C:\Users\PICHAU\.m2\repository\xalan\xalan\2.7.2\xalan-2.7.2.jar;C:\Users\PICHAU\.m2\repository\xalan\serializer\2.7.2\serializer-2.7.2.jar;C:\Users\PICHAU\.m2\repository\org\apache\httpcomponents\httpmime\4.5.2\httpmime-4.5.2.jar;C:\Users\PICHAU\.m2\repository\net\sourceforge\htmlunit\htmlunit-core-js\2.17\htmlunit-core-js-2.17.jar;C:\Users\PICHAU\.m2\repository\net\sourceforge\htmlunit\neko-htmlunit\2.21\neko-htmlunit-2.21.jar;C:\Users\PICHAU\.m2\repository\xerces\xercesImpl\2.11.0\xercesImpl-2.11.0.jar;C:\Users\PICHAU\.m2\repository\xml-apis\xml-apis\1.4.01\xml-apis-1.4.01.jar;C:\Users\PICHAU\.m2\repository\net\sourceforge\cssparser\cssparser\0.9.18\cssparser-0.9.18.jar;C:\Users\PICHAU\.m2\repository\org\w3c\css\sac\1.3\sac-1.3.jar;C:\Users\PICHAU\.m2\repository\org\eclipse\jetty\websocket\websocket-client\9.2.15.v20160210\websocket-client-9.2.15.v20160210.jar;C:\Users\PICHAU\.m2\repository\org\eclipse\jetty\jetty-util\9.2.15.v20160210\jetty-util-9.2.15.v20160210.jar;C:\Users\PICHAU\.m2\repository\org\eclipse\jetty\jetty-io\9.2.15.v20160210\jetty-io-9.2.15.v20160210.jar;C:\Users\PICHAU\.m2\repository\org\eclipse\jetty\websocket\websocket-common\9.2.15.v20160210\websocket-common-9.2.15.v20160210.jar;C:\Users\PICHAU\.m2\repository\org\eclipse\jetty\websocket\websocket-api\9.2.15.v20160210\websocket-api-9.2.15.v20160210.jar;C:\Users\PICHAU\.m2\repository\org\seleniumhq\selenium\selenium-firefox-driver\2.53.1\selenium-firefox-driver-2.53.1.jar;C:\Users\PICHAU\.m2\repository\org\seleniumhq\selenium\selenium-ie-driver\2.53.1\selenium-ie-driver-2.53.1.jar;C:\Users\PICHAU\.m2\repository\net\java\dev\jna\jna\4.1.0\jna-4.1.0.jar;C:\Users\PICHAU\.m2\repository\net\java\dev\jna\jna-platform\4.1.0\jna-platform-4.1.0.jar;C:\Users\PICHAU\.m2\repository\org\seleniumhq\selenium\selenium-safari-driver\2.53.1\selenium-safari-driver-2.53.1.jar;C:\Users\PICHAU\.m2\repository\io\netty\netty\3.5.7.Final\netty-3.5.7.Final.jar;C:\Users\PICHAU\.m2\repository\org\seleniumhq\selenium\selenium-support\2.53.1\selenium-support-2.53.1.jar;C:\Users\PICHAU\.m2\repository\org\seleniumhq\selenium\selenium-leg-rc\2.53.1\selenium-leg-rc-2.53.1.jar;C:\Users\PICHAU\.m2\repository\com\google\code\gson\gson\2.7\gson-2.7.jar;C:\Users\PICHAU\.m2\repository\org\apache\httpcomponents\httpclient\4.5.2\httpclient-4.5.2.jar;C:\Users\PICHAU\.m2\repository\org\apache\httpcomponents\httpcore\4.4.4\httpcore-4.4.4.jar;C:\Users\PICHAU\.m2\repository\commons-logging\commons-logging\1.2\commons-logging-1.2.jar;C:\Users\PICHAU\.m2\repository\commons-codec\commons-codec\1.9\commons-codec-1.9.jar;C:\Users\PICHAU\.m2\repository\com\google\guava\guava\19.0\guava-19.0.jar;C:\Users\PICHAU\.m2\repository\commons-validator\commons-validator\1.5.1\commons-validator-1.5.1.jar;C:\Users\PICHAU\.m2\repository\commons-beanutils\commons-beanutils\1.9.2\commons-beanutils-1.9.2.jar;C:\Users\PICHAU\.m2\repository\commons-digester\commons-digester\1.8.1\commons-digester-1.8.1.jar;C:\Users\PICHAU\.m2\repository\commons-collections\commons-collections\3.2.2\commons-collections-3.2.2.jar;C:\Users\PICHAU\.m2\repository\org\apache\commons\commons-lang3\3.4\commons-lang3-3.4.jar;C:\Users\PICHAU\.m2\repository\cglib\cglib-nodep\3.2.4\cglib-nodep-3.2.4.jar;C:\Users\PICHAU\.m2\repository\org\springframework\spring-context\4.3.2.RELEASE\spring-context-4.3.2.RELEASE.jar;C:\Users\PICHAU\.m2\repository\org\springframework\spring-aop\4.3.2.RELEASE\spring-aop-4.3.2.RELEASE.jar;C:\Users\PICHAU\.m2\repository\org\springframework\spring-beans\4.3.2.RELEASE\spring-beans-4.3.2.RELEASE.jar;C:\Users\PICHAU\.m2\repository\org\springframework\spring-core\4.3.2.RELEASE\spring-core-4.3.2.RELEASE.jar;C:\Users\PICHAU\.m2\repository\org\springframework\spring-expression\4.3.2.RELEASE\spring-expression-4.3.2.RELEASE.jar;C:\Users\PICHAU\.m2\repository\org\aspectj\aspectjweaver\1.8.9\aspectjweaver-1.8.9.jar;C:\Users\PICHAU\.m2\repository\info\cukes\cucumber-java\1.2.5\cucumber-java-1.2.5.jar;C:\Users\PICHAU\.m2\repository\info\cukes\cucumber-core\1.2.5\cucumber-core-1.2.5.jar;C:\Users\PICHAU\.m2\repository\info\cukes\cucumber-html\0.2.3\cucumber-html-0.2.3.jar;C:\Users\PICHAU\.m2\repository\info\cukes\cucumber-jvm-deps\1.0.5\cucumber-jvm-deps-1.0.5.jar;C:\Users\PICHAU\.m2\repository\info\cukes\gherkin\2.12.2\gherkin-2.12.2.jar;C:\Users\PICHAU\.m2\repository\info\cukes\cucumber-junit\1.2.5\cucumber-junit-1.2.5.jar;C:\Users\PICHAU\.m2\repository\com\trivago\rta\cluecumber-report-plugin\2.9.4\cluecumber-report-plugin-2.9.4.jar;C:\Users\PICHAU\.m2\repository\javax\inject\javax.inject\1\javax.inject-1.jar;C:\Users\PICHAU\.m2\repository\org\apache\maven\maven-plugin-api\3.8.5\maven-plugin-api-3.8.5.jar;C:\Users\PICHAU\.m2\repository\org\apache\maven\maven-model\3.8.5\maven-model-3.8.5.jar;C:\Users\PICHAU\.m2\repository\org\apache\maven\maven-artifact\3.8.5\maven-artifact-3.8.5.jar;C:\Users\PICHAU\.m2\repository\org\eclipse\sisu\org.eclipse.sisu.plexus\0.3.5\org.eclipse.sisu.plexus-0.3.5.jar;C:\Users\PICHAU\.m2\repository\javax\annotation\javax.annotation-api\1.2\javax.annotation-api-1.2.jar;C:\Users\PICHAU\.m2\repository\org\eclipse\sisu\org.eclipse.sisu.inject\0.3.5\org.eclipse.sisu.inject-0.3.5.jar;C:\Users\PICHAU\.m2\repository\org\codehaus\plexus\plexus-component-annotations\1.5.5\plexus-component-annotations-1.5.5.jar;C:\Users\PICHAU\.m2\repository\org\codehaus\plexus\plexus-classworlds\2.6.0\plexus-classworlds-2.6.0.jar;C:\Users\PICHAU\.m2\repository\io\gsonfire\gson-fire\1.9.0-alpha2\gson-fire-1.9.0-alpha2.jar;C:\Users\PICHAU\.m2\repository\org\freemarker\freemarker\2.3.31\freemarker-2.3.31.jar;C:\Users\PICHAU\.m2\repository\org\codehaus\plexus\plexus-utils\3.4.2\plexus-utils-3.4.2.jar;"/>
    <property name="java.vm.vendor" value="Oracle Corporation"/>
    <property name="sun.arch.data.model" value="64"/>
    <property name="user.variant" value=""/>
    <property name="java.vendor.url" value="http://java.oracle.com/"/>
    <property name="user.timezone" value="America/Sao_Paulo"/>
    <property name="java.vm.specification.version" value="1.8"/>
    <property name="os.name" value="Windows 10"/>
    <property name="user.country" value="BR"/>
    <property name="sun.java.launcher" value="SUN_STANDARD"/>
    <property name="sun.boot.library.path" value="C:\Program Files\Java\jdk1.8.0_202\jre\bin"/>
    <property name="sun.java.command" value="C:\Users\PICHAU\AppData\Local\Temp\surefire8203566228066136199\surefirebooter-20250311202144171_3.jar C:\Users\PICHAU\AppData\Local\Temp\surefire8203566228066136199 2025-03-11T20-21-43_992-jvmRun1 surefire-20250311202144171_1tmp surefire_0-20250311202144171_2tmp"/>
    <property name="surefire.test.class.path" value="C:\Users\PICHAU\Documents\Projetos\appium-com-cucumber-avançado\target\test-classes;C:\Users\PICHAU\Documents\Projetos\appium-com-cucumber-avançado\target\classes;C:\Users\PICHAU\.m2\repository\junit\junit\4.12\junit-4.12.jar;C:\Users\PICHAU\.m2\repository\org\hamcrest\hamcrest-core\1.3\hamcrest-core-1.3.jar;C:\Users\PICHAU\.m2\repository\io\appium\java-client\4.1.2\java-client-4.1.2.jar;C:\Users\PICHAU\.m2\repository\org\seleniumhq\selenium\selenium-java\2.53.1\selenium-java-2.53.1.jar;C:\Users\PICHAU\.m2\repository\org\seleniumhq\selenium\selenium-chrome-driver\2.53.1\selenium-chrome-driver-2.53.1.jar;C:\Users\PICHAU\.m2\repository\org\seleniumhq\selenium\selenium-remote-driver\2.53.1\selenium-remote-driver-2.53.1.jar;C:\Users\PICHAU\.m2\repository\org\seleniumhq\selenium\selenium-api\2.53.1\selenium-api-2.53.1.jar;C:\Users\PICHAU\.m2\repository\org\seleniumhq\selenium\selenium-edge-driver\2.53.1\selenium-edge-driver-2.53.1.jar;C:\Users\PICHAU\.m2\repository\commons-io\commons-io\2.4\commons-io-2.4.jar;C:\Users\PICHAU\.m2\repository\org\apache\commons\commons-exec\1.3\commons-exec-1.3.jar;C:\Users\PICHAU\.m2\repository\org\seleniumhq\selenium\htmlunit-driver\2.21\htmlunit-driver-2.21.jar;C:\Users\PICHAU\.m2\repository\net\sourceforge\htmlunit\htmlunit\2.21\htmlunit-2.21.jar;C:\Users\PICHAU\.m2\repository\xalan\xalan\2.7.2\xalan-2.7.2.jar;C:\Users\PICHAU\.m2\repository\xalan\serializer\2.7.2\serializer-2.7.2.jar;C:\Users\PICHAU\.m2\repository\org\apache\httpcomponents\httpmime\4.5.2\httpmime-4.5.2.jar;C:\Users\PICHAU\.m2\repository\net\sourceforge\htmlunit\htmlunit-core-js\2.17\htmlunit-core-js-2.17.jar;C:\Users\PICHAU\.m2\repository\net\sourceforge\htmlunit\neko-htmlunit\2.21\neko-htmlunit-2.21.jar;C:\Users\PICHAU\.m2\repository\xerces\xercesImpl\2.11.0\xercesImpl-2.11.0.jar;C:\Users\PICHAU\.m2\repository\xml-apis\xml-apis\1.4.01\xml-apis-1.4.01.jar;C:\Users\PICHAU\.m2\repository\net\sourceforge\cssparser\cssparser\0.9.18\cssparser-0.9.18.jar;C:\Users\PICHAU\.m2\repository\org\w3c\css\sac\1.3\sac-1.3.jar;C:\Users\PICHAU\.m2\repository\org\eclipse\jetty\websocket\websocket-client\9.2.15.v20160210\websocket-client-9.2.15.v20160210.jar;C:\Users\PICHAU\.m2\repository\org\eclipse\jetty\jetty-util\9.2.15.v20160210\jetty-util-9.2.15.v20160210.jar;C:\Users\PICHAU\.m2\repository\org\eclipse\jetty\jetty-io\9.2.15.v20160210\jetty-io-9.2.15.v20160210.jar;C:\Users\PICHAU\.m2\repository\org\eclipse\jetty\websocket\websocket-common\9.2.15.v20160210\websocket-common-9.2.15.v20160210.jar;C:\Users\PICHAU\.m2\repository\org\eclipse\jetty\websocket\websocket-api\9.2.15.v20160210\websocket-api-9.2.15.v20160210.jar;C:\Users\PICHAU\.m2\repository\org\seleniumhq\selenium\selenium-firefox-driver\2.53.1\selenium-firefox-driver-2.53.1.jar;C:\Users\PICHAU\.m2\repository\org\seleniumhq\selenium\selenium-ie-driver\2.53.1\selenium-ie-driver-2.53.1.jar;C:\Users\PICHAU\.m2\repository\net\java\dev\jna\jna\4.1.0\jna-4.1.0.jar;C:\Users\PICHAU\.m2\repository\net\java\dev\jna\jna-platform\4.1.0\jna-platform-4.1.0.jar;C:\Users\PICHAU\.m2\repository\org\seleniumhq\selenium\selenium-safari-driver\2.53.1\selenium-safari-driver-2.53.1.jar;C:\Users\PICHAU\.m2\repository\io\netty\netty\3.5.7.Final\netty-3.5.7.Final.jar;C:\Users\PICHAU\.m2\repository\org\seleniumhq\selenium\selenium-support\2.53.1\selenium-support-2.53.1.jar;C:\Users\PICHAU\.m2\repository\org\seleniumhq\selenium\selenium-leg-rc\2.53.1\selenium-leg-rc-2.53.1.jar;C:\Users\PICHAU\.m2\repository\com\google\code\gson\gson\2.7\gson-2.7.jar;C:\Users\PICHAU\.m2\repository\org\apache\httpcomponents\httpclient\4.5.2\httpclient-4.5.2.jar;C:\Users\PICHAU\.m2\repository\org\apache\httpcomponents\httpcore\4.4.4\httpcore-4.4.4.jar;C:\Users\PICHAU\.m2\repository\commons-logging\commons-logging\1.2\commons-logging-1.2.jar;C:\Users\PICHAU\.m2\repository\commons-codec\commons-codec\1.9\commons-codec-1.9.jar;C:\Users\PICHAU\.m2\repository\com\google\guava\guava\19.0\guava-19.0.jar;C:\Users\PICHAU\.m2\repository\commons-validator\commons-validator\1.5.1\commons-validator-1.5.1.jar;C:\Users\PICHAU\.m2\repository\commons-beanutils\commons-beanutils\1.9.2\commons-beanutils-1.9.2.jar;C:\Users\PICHAU\.m2\repository\commons-digester\commons-digester\1.8.1\commons-digester-1.8.1.jar;C:\Users\PICHAU\.m2\repository\commons-collections\commons-collections\3.2.2\commons-collections-3.2.2.jar;C:\Users\PICHAU\.m2\repository\org\apache\commons\commons-lang3\3.4\commons-lang3-3.4.jar;C:\Users\PICHAU\.m2\repository\cglib\cglib-nodep\3.2.4\cglib-nodep-3.2.4.jar;C:\Users\PICHAU\.m2\repository\org\springframework\spring-context\4.3.2.RELEASE\spring-context-4.3.2.RELEASE.jar;C:\Users\PICHAU\.m2\repository\org\springframework\spring-aop\4.3.2.RELEASE\spring-aop-4.3.2.RELEASE.jar;C:\Users\PICHAU\.m2\repository\org\springframework\spring-beans\4.3.2.RELEASE\spring-beans-4.3.2.RELEASE.jar;C:\Users\PICHAU\.m2\repository\org\springframework\spring-core\4.3.2.RELEASE\spring-core-4.3.2.RELEASE.jar;C:\Users\PICHAU\.m2\repository\org\springframework\spring-expression\4.3.2.RELEASE\spring-expression-4.3.2.RELEASE.jar;C:\Users\PICHAU\.m2\repository\org\aspectj\aspectjweaver\1.8.9\aspectjweaver-1.8.9.jar;C:\Users\PICHAU\.m2\repository\info\cukes\cucumber-java\1.2.5\cucumber-java-1.2.5.jar;C:\Users\PICHAU\.m2\repository\info\cukes\cucumber-core\1.2.5\cucumber-core-1.2.5.jar;C:\Users\PICHAU\.m2\repository\info\cukes\cucumber-html\0.2.3\cucumber-html-0.2.3.jar;C:\Users\PICHAU\.m2\repository\info\cukes\cucumber-jvm-deps\1.0.5\cucumber-jvm-deps-1.0.5.jar;C:\Users\PICHAU\.m2\repository\info\cukes\gherkin\2.12.2\gherkin-2.12.2.jar;C:\Users\PICHAU\.m2\repository\info\cukes\cucumber-junit\1.2.5\cucumber-junit-1.2.5.jar;C:\Users\PICHAU\.m2\repository\com\trivago\rta\cluecumber-report-plugin\2.9.4\cluecumber-report-plugin-2.9.4.jar;C:\Users\PICHAU\.m2\repository\javax\inject\javax.inject\1\javax.inject-1.jar;C:\Users\PICHAU\.m2\repository\org\apache\maven\maven-plugin-api\3.8.5\maven-plugin-api-3.8.5.jar;C:\Users\PICHAU\.m2\repository\org\apache\maven\maven-model\3.8.5\maven-model-3.8.5.jar;C:\Users\PICHAU\.m2\repository\org\apache\maven\maven-artifact\3.8.5\maven-artifact-3.8.5.jar;C:\Users\PICHAU\.m2\repository\org\eclipse\sisu\org.eclipse.sisu.plexus\0.3.5\org.eclipse.sisu.plexus-0.3.5.jar;C:\Users\PICHAU\.m2\repository\javax\annotation\javax.annotation-api\1.2\javax.annotation-api-1.2.jar;C:\Users\PICHAU\.m2\repository\org\eclipse\sisu\org.eclipse.sisu.inject\0.3.5\org.eclipse.sisu.inject-0.3.5.jar;C:\Users\PICHAU\.m2\repository\org\codehaus\plexus\plexus-component-annotations\1.5.5\plexus-component-annotations-1.5.5.jar;C:\Users\PICHAU\.m2\repository\org\codehaus\plexus\plexus-classworlds\2.6.0\plexus-classworlds-2.6.0.jar;C:\Users\PICHAU\.m2\repository\io\gsonfire\gson-fire\1.9.0-alpha2\gson-fire-1.9.0-alpha2.jar;C:\Users\PICHAU\.m2\repository\org\freemarker\freemarker\2.3.31\freemarker-2.3.31.jar;C:\Users\PICHAU\.m2\repository\org\codehaus\plexus\plexus-utils\3.4.2\plexus-utils-3.4.2.jar;"/>
    <property name="sun.cpu.endian" value="little"/>
    <property name="user.home" value="C:\Users\PICHAU"/>
    <property name="user.language" value="pt"/>
    <property name="java.specification.vendor" value="Oracle Corporation"/>
    <property name="java.home" value="C:\Program Files\Java\jdk1.8.0_202\jre"/>
    <property name="basedir" value="C:\Users\PICHAU\Documents\Projetos\appium-com-cucumber-avançado"/>
    <property name="file.separator" value="\"/>
    <property name="line.separator" value="&#10;"/>
    <property name="java.vm.specification.vendor" value="Oracle Corporation"/>
    <property name="java.specification.name" value="Java Platform API Specification"/>
    <property name="plataforma" value="android"/>
    <property name="java.awt.graphicsenv" value="sun.awt.Win32GraphicsEnvironment"/>
    <property name="surefire.real.class.path" value="C:\Users\PICHAU\AppData\Local\Temp\surefire8203566228066136199\surefirebooter-20250311202144171_3.jar"/>
    <property name="sun.boot.class.path" value="C:\Program Files\Java\jdk1.8.0_202\jre\lib\resources.jar;C:\Program Files\Java\jdk1.8.0_202\jre\lib\rt.jar;C:\Program Files\Java\jdk1.8.0_202\jre\lib\sunrsasign.jar;C:\Program Files\Java\jdk1.8.0_202\jre\lib\jsse.jar;C:\Program Files\Java\jdk1.8.0_202\jre\lib\jce.jar;C:\Program Files\Java\jdk1.8.0_202\jre\lib\charsets.jar;C:\Program Files\Java\jdk1.8.0_202\jre\lib\jfr.jar;C:\Program Files\Java\jdk1.8.0_202\jre\classes"/>
    <property name="user.script" value=""/>
    <property name="sun.management.compiler" value="HotSpot 64-Bit Tiered Compilers"/>
    <property name="java.runtime.version" value="1.8.0_202-b08"/>
    <property name="user.name" value="PICHAU"/>
    <property name="path.separator" value=";"/>
    <property name="os.version" value="10.0"/>
    <property name="java.endorsed.dirs" value="C:\Program Files\Java\jdk1.8.0_202\jre\lib\endorsed"/>
    <property name="java.runtime.name" value="Java(TM) SE Runtime Environment"/>
    <property name="file.encoding" value="Cp1252"/>
    <property name="java.vm.name" value="Java HotSpot(TM) 64-Bit Server VM"/>
    <property name="localRepository" value="C:\Users\PICHAU\.m2\repository"/>
    <property name="java.vendor.url.bug" value="http://bugreport.sun.com/bugreport/"/>
    <property name="java.io.tmpdir" value="C:\Users\PICHAU\AppData\Local\Temp\"/>
    <property name="java.version" value="1.8.0_202"/>
    <property name="user.dir" value="C:\Users\PICHAU\Documents\Projetos\appium-com-cucumber-avançado"/>
    <property name="os.arch" value="amd64"/>
    <property name="java.vm.specification.name" value="Java Virtual Machine Specification"/>
    <property name="java.awt.printerjob" value="sun.awt.windows.WPrinterJob"/>
    <property name="sun.os.patch.level" value=""/>
    <property name="java.library.path" value="C:\Program Files\Java\jdk1.8.0_202\jre\bin;C:\Windows\Sun\Java\bin;C:\Windows\system32;C:\Windows;C:\Program Files\Common Files\Oracle\Java\javapath;C:\Windows\system32;C:\Windows;C:\Windows\System32\Wbem;C:\Windows\System32\WindowsPowerShell\v1.0\;C:\Windows\System32\OpenSSH\;C:\Program Files (x86)\NVIDIA Corporation\PhysX\Common;C:\Program Files\NVIDIA Corporation\NVIDIA NvDLISR;C:\Program Files\nodejs\;C:\Program Files\Git\cmd;C:\Program Files\Docker\Docker\resources\bin;C:\Users\PICHAU\AppData\Local\Android\Sdk\platform-tools;C:\Program Files\Java\jdk1.8.0_202\bin;C:\Program Files\Java\jre1.8.0_202;C:\Users\PICHAU\AppData\Local\Android\Sdk\tools;C:\Users\PICHAU\AppData\Local\Programs\Python\Python313\Scripts\;C:\Users\PICHAU\AppData\Local\Programs\Python\Python313\;C:\Users\PICHAU\AppData\Local\Microsoft\WindowsApps;C:\Users\PICHAU\AppData\Local\Programs\Microsoft VS Code\bin;C:\Users\PICHAU\AppData\Local\Programs\Hyper\resources\bin;C:\Users\PICHAU\AppData\Roaming\npm;C:\Users\Usuário\AppData\Local\Programs\Python\Python312\Scripts\;C:\Users\PICHAU\AppData\Local\Android\Sdk\tools;C:\Users\PICHAU\AppData\Local\Android\Sdk\platform-tools;C:\apache-maven-3.9.9\bin;;."/>
    <property name="java.vm.info" value="mixed mode"/>
    <property name="java.vendor" value="Oracle Corporation"/>
    <property name="java.vm.version" value="25.202-b08"/>
    <property name="java.ext.dirs" value="C:\Program Files\Java\jdk1.8.0_202\jre\lib\ext;C:\Windows\Sun\Java\lib\ext"/>
    <property name="sun.io.unicode.encoding" value="UnicodeLittle"/>
    <property name="java.class.version" value="52.0"/>
  </properties>
  <testcase name="Dado que eu escreva as informações do usuário" classname="| 123456 | pedro@gmail.com |" time="0.001">
    <system-out><![CDATA[Sua plataforma é android
]]></system-out>
  </testcase>
  <testcase name="Dado que eu visualize o texto &quot;CONTINUAR&quot; no botão de login" classname="| 123456 | pedro@gmail.com |" time="0.0"/>
  <testcase name="Dado que preencha o email com o usuario &quot;pedro@gmail.com&quot;" classname="| 123456 | pedro@gmail.com |" time="0.0"/>
  <testcase name="Quando escrever os dados da senha com &quot;123456&quot;" classname="| 123456 | pedro@gmail.com |" time="0.0"/>
  <testcase name="" classname="| 123456 | pedro@gmail.com |" time="0.0"/>
  <testcase name="Dado que eu escreva as informações do usuário" classname="| 1234567 | pedro@hotmail.com |" time="0.001"/>
  <testcase name="Dado que eu visualize o texto &quot;CONTINUAR&quot; no botão de login" classname="| 1234567 | pedro@hotmail.com |" time="0.0"/>
  <testcase name="Dado que preencha o email com o usuario &quot;pedro@hotmail.com&quot;" classname="| 1234567 | pedro@hotmail.com |" time="0.0"/>
  <testcase name="Quando escrever os dados da senha com &quot;1234567&quot;" classname="| 1234567 | pedro@hotmail.com |" time="0.0"/>
  <testcase name="" classname="| 1234567 | pedro@hotmail.com |" time="0.0"/>
  <testcase name="Dado que eu escreva as informações do usuário" classname="| 1234568 | pedro@uol.com |" time="0.0"/>
  <testcase name="Dado que eu visualize o texto &quot;CONTINUAR&quot; no botão de login" classname="| 1234568 | pedro@uol.com |" time="0.0"/>
  <testcase name="Dado que preencha o email com o usuario &quot;pedro@uol.com&quot;" classname="| 1234568 | pedro@uol.com |" time="0.0"/>
  <testcase name="Quando escrever os dados da senha com &quot;1234568&quot;" classname="| 1234568 | pedro@uol.com |" time="0.0"/>
  <testcase name="" classname="| 1234568 | pedro@uol.com |" time="0.0"/>
</testsuite>